10:56:05AM level_loaded 0
10:56:09AM rope_cut
10:56:19AM star_collected
10:56:28AM candy_collected
10:56:30AM level_loaded 1
10:56:34AM rope_cut
10:56:36AM star_collected
10:56:41AM candy_collected
10:56:48AM level_loaded 2
10:56:51AM rope_cut
10:56:55AM candy_collected
10:56:59AM level_loaded 3
10:57:06AM rope_cut
10:57:09AM candy_collected
10:57:18AM level_loaded 4
10:57:25AM rope_cut
10:57:26AM star_collected
10:57:31AM star_collected
10:57:35AM candy_collected
10:57:45AM level_loaded 5
10:57:51AM rope_cut
10:57:59AM star_collected
10:58:00AM star_collected
10:58:07AM star_collected
10:58:08AM candy_collected
10:58:11AM level_loaded 6
10:58:19AM rope_cut
10:58:25AM candy_collected
10:58:26AM level_loaded 7
10:58:36AM rope_cut
10:58:41AM candy_collected
10:58:45AM level_loaded 8
10:58:49AM rope_cut
10:58:53AM star_collected
10:58:55AM level_reset 8
10:59:01AM rope_cut
10:59:09AM star_collected
10:59:14AM level_reset 8
10:59:15AM rope_cut
10:59:20AM star_collected
10:59:28AM candy_collected
10:59:33AM level_loaded 9
10:59:42AM rope_cut
10:59:47AM level_reset 9
10:59:56AM rope_cut
11:00:04AM star_collected
11:00:06AM candy_collected
11:00:16AM level_loaded 10
11:00:19AM rope_cut
11:00:25AM star_collected
11:00:35AM candy_collected
11:00:45AM level_loaded 11
11:00:49AM rope_cut
11:00:49AM star_collected
11:00:55AM candy_collected
11:01:00AM level_loaded 12
11:01:03AM rope_cut
11:01:06AM star_collected
11:01:07AM star_collected
11:01:11AM level_reset 12
11:01:14AM rope_cut
11:01:20AM star_collected
11:01:29AM star_collected
11:01:36AM star_collected
11:01:46AM candy_collected
11:01:47AM level_loaded 13
11:01:50AM rope_cut
11:01:58AM star_collected
11:02:04AM candy_collected
11:02:08AM level_loaded 14
11:02:10AM rope_cut
11:02:14AM star_collected
11:02:24AM candy_collected
11:02:25AM level_loaded 15
11:02:34AM rope_cut
11:02:42AM star_collected
11:02:52AM star_collected
11:02:52AM candy_collected
11:03:00AM level_loaded 16
11:03:03AM rope_cut
11:03:10AM star_collected
11:03:17AM candy_collected
11:03:19AM level_loaded 17
11:03:19AM rope_cut
11:03:26AM candy_collected
11:03:34AM level_loaded 18
11:03:40AM rope_cut
11:03:40AM star_collected
11:03:40AM star_collected
11:03:47AM level_reset 18
11:03:51AM rope_cut
11:03:54AM star_collected
11:03:56AM candy_collected
11:03:59AM level_loaded 19
11:04:09AM rope_cut
11:04:11AM star_collected
11:04:15AM star_collected
11:04:18AM level_reset 19
11:04:28AM rope_cut
11:04:38AM star_collected
11:04:45AM candy_collected
11:04:47AM level_loaded 20
11:04:51AM rope_cut
11:04:57AM star_collected
11:05:01AM star_collected
11:05:03AM star_collected
11:05:07AM candy_collected
11:05:11AM level_loaded 21
11:05:13AM rope_cut
11:05:14AM level_reset 21
11:05:21AM rope_cut
11:05:31AM star_collected
11:05:40AM star_collected
11:05:49AM star_collected
11:05:49AM candy_collected
11:05:54AM level_loaded 22
11:06:01AM rope_cut
11:06:07AM candy_collected
11:06:13AM level_loaded 23
11:06:20AM rope_cut
11:06:23AM star_collected
11:06:23AM candy_collected
11:06:23AM level_loaded 24
11:06:28AM rope_cut
11:06:31AM level_reset 24
11:06:31AM rope_cut
11:06:39AM level_reset 24
11:06:46AM rope_cut
11:06:49AM star_collected
11:06:56AM candy_collected
11:07:03AM level_loaded 25
11:07:03AM rope_cut
11:07:13AM star_collected
11:07:13AM level_reset 25
11:07:20AM rope_cut
11:07:23AM star_collected
11:07:26AM star_collected
11:07:26AM candy_collected
11:07:33AM level_loaded 26
11:07:39AM rope_cut
11:07:41AM star_collected
11:07:44AM level_reset 26
11:07:49AM rope_cut
11:07:49AM star_collected
11:07:51AM star_collected
11:07:56AM candy_collected
11:08:02AM level_loaded 27
11:08:11AM rope_cut
11:08:12AM star_collected
11:08:13AM candy_collected
11:08:19AM level_loaded 28
11:08:23AM rope_cut
11:08:24AM star_collected
11:08:30AM star_collected
11:08:40AM star_collected
11:08:45AM candy_collected
11:08:52AM level_loaded 29
11:08:59AM rope_cut
11:09:01AM level_reset 29
11:09:11AM rope_cut
11:09:15AM star_collected
11:09:24AM level_reset 29
11:09:24AM rope_cut
11:09:27AM star_collected
11:09:37AM star_collected
11:09:44AM candy_collected
11:09:50AM level_loaded 30